
toho_amp: r1ae

	fg1		0.014209743589162827
	fg2		0.03753377124667168
	fg3		0.04111246392130852
	fg4		0.04971233382821083
	fg6		0.050498463213443756
	fg7		0.0920666754245758


toho_cex: r1ae

	fg1		0.07245457917451859
	fg2		0.039044998586177826
	fg3		0.06286828964948654
	fg4		0.14376960694789886
	fg6		0.08246337622404099
	fg7		0.2218967080116272


both: r1ae

	amp_fg1		0.010132704861462116
	amp_fg2		0.04933270439505577
	amp_fg3		0.029791209846735
	amp_fg4		0.03051954321563244
	amp_fg6		0.03762014955282211
	amp_fg7		0.04338274151086807

	cex_fg1		0.04171397164463997
	cex_fg2		0.10521107912063599
	cex_fg3		0.09038437157869339
	cex_fg4		0.18747907876968384
	cex_fg6		0.11310932785272598
	cex_fg7		0.20467804372310638

toho_amp: r2ae

	fg1		0.12859797477722168
	fg2		0.11713074892759323
	fg5		0.05289396271109581
	fg6		0.31700095534324646
	fg7		0.12793965637683868


toho_cex: r2ae

	fg1		0.06440623104572296
	fg2		0.11250565201044083
	fg5		0.06779063493013382
	fg6		0.14790108799934387
	fg7		0.18096740543842316


both: r2ae

	amp_fg1		0.07604923099279404
	amp_fg2		0.13234183192253113
	amp_fg5		0.028805086389183998
	amp_fg6		0.24131348729133606
	amp_fg7		0.18705293536186218

	cex_fg1		0.12907882034778595
	cex_fg2		0.13559186458587646
	cex_fg5		0.07250697910785675
	cex_fg6		0.27809444069862366
	cex_fg7		0.24703308939933777
